<?xml version="1.0" encoding="UTF-8"?>
<!-- Generated by org.testng.reporters.JUnitReportReporter -->
<testsuite hostname="Mubeena" name="makeMyTrip.LoginTest" tests="1" failures="0" timestamp="28 Mar 2019 15:09:02 GMT" time="1.155" errors="0">
  <testcase name="login" time="1.155" classname="makeMyTrip.LoginTest"/>
</testsuite> <!-- makeMyTrip.LoginTest -->
