<?xml version="1.0" encoding="UTF-8"?>
<!-- Generated by org.testng.reporters.JUnitReportReporter -->
<testsuite hostname="Mubeena" name="makeMyTrip.DataProviderLogin" tests="1" failures="0" timestamp="3 Apr 2019 10:40:02 GMT" time="8.030" errors="0">
  <testcase name="Logintest" time="8.030" classname="makeMyTrip.DataProviderLogin"/>
</testsuite> <!-- makeMyTrip.DataProviderLogin -->
