<?xml version="1.0" encoding="UTF-8"?>
<!-- Generated by org.testng.reporters.JUnitReportReporter -->
<testsuite hostname="Mubeena" name="makeMyTrip.DataProviderLogin" tests="1" failures="0" timestamp="3 Apr 2019 11:21:21 GMT" time="10.816" errors="0">
  <testcase name="Logintest" time="10.816" classname="makeMyTrip.DataProviderLogin"/>
</testsuite> <!-- makeMyTrip.DataProviderLogin -->
