<?xml version="1.0" encoding="UTF-8"?>
<!-- Generated by org.testng.reporters.JUnitReportReporter -->
<testsuite hostname="Mubeena" name="makeMyTrip.LoginTest" tests="1" failures="0" timestamp="3 Apr 2019 14:58:41 GMT" time="1.762" errors="0">
  <testcase name="login" time="1.762" classname="makeMyTrip.LoginTest"/>
</testsuite> <!-- makeMyTrip.LoginTest -->
