<?xml version="1.0" encoding="UTF-8"?>
<!-- Generated by org.testng.reporters.JUnitReportReporter -->
<testsuite hostname="Mubeena" name="makeMyTrip.LoginTest" tests="1" failures="0" timestamp="1 Apr 2019 11:42:47 GMT" time="88.999" errors="0">
  <testcase name="login" time="88.999" classname="makeMyTrip.LoginTest"/>
</testsuite> <!-- makeMyTrip.LoginTest -->
