<?xml version="1.0" encoding="UTF-8"?>
<!-- Generated by org.testng.reporters.JUnitReportReporter -->
<testsuite hostname="Mubeena" name="makeMyTrip.DataProviderLogin" tests="1" failures="0" timestamp="3 Apr 2019 14:34:33 GMT" time="18.450" errors="0">
  <testcase name="Logintest" time="18.450" classname="makeMyTrip.DataProviderLogin"/>
</testsuite> <!-- makeMyTrip.DataProviderLogin -->
